\BOOKMARK [0][]{chapter.1}{\376\377\0001\000\040\000I\000n\000t\000r\000o\000d\000u\000c\000t\000i\000o\000n}{}% 1
\BOOKMARK [1][]{section.1.1}{\376\377\0001\000.\0001\000\040\000M\000o\000t\000i\000v\000a\000t\000i\000o\000n}{chapter.1}% 2
\BOOKMARK [1][]{section.1.2}{\376\377\0001\000.\0002\000\040\000G\000o\000a\000l}{chapter.1}% 3
\BOOKMARK [1][]{section.1.3}{\376\377\0001\000.\0003\000\040\000C\000h\000a\000p\000t\000e\000r\000s}{chapter.1}% 4
\BOOKMARK [0][]{chapter.2}{\376\377\0002\000\040\000B\000a\000c\000k\000g\000r\000o\000u\000n\000d}{}% 5
\BOOKMARK [1][]{section.2.1}{\376\377\0002\000.\0001\000\040\000P\000h\000y\000s\000a\000r\000u\000m\000\040\000P\000o\000l\000y\000c\000e\000p\000h\000a\000l\000u\000m}{chapter.2}% 6
\BOOKMARK [2][]{subsection.2.1.1}{\376\377\0002\000.\0001\000.\0001\000\040\000B\000i\000o\000l\000o\000g\000i\000c\000a\000l\000\040\000c\000h\000a\000r\000a\000c\000t\000e\000r\000i\000s\000t\000i\000c\000s}{section.2.1}% 7
\BOOKMARK [2][]{subsection.2.1.2}{\376\377\0002\000.\0001\000.\0002\000\040\000R\000e\000l\000a\000t\000e\000d\000\040\000w\000o\000r\000k\000s}{section.2.1}% 8
\BOOKMARK [3][]{section*.6}{\376\377\000M\000a\000z\000e\000-\000s\000o\000l\000v\000i\000n\000g\000\040\000c\000a\000p\000a\000b\000i\000l\000i\000t\000i\000e\000s}{subsection.2.1.2}% 9
\BOOKMARK [3][]{section*.8}{\376\377\000S\000p\000a\000t\000i\000a\000l\000\040\000m\000e\000m\000o\000r\000y}{subsection.2.1.2}% 10
\BOOKMARK [3][]{section*.11}{\376\377\000A\000d\000a\000p\000t\000i\000v\000e\000\040\000n\000e\000t\000w\000o\000r\000k\000\040\000d\000e\000s\000i\000g\000n}{subsection.2.1.2}% 11
\BOOKMARK [3][]{section*.13}{\376\377\000S\000l\000i\000m\000e\000\040\000m\000o\000u\000l\000d\000\040\000m\000o\000d\000e\000l\000s}{subsection.2.1.2}% 12
\BOOKMARK [2][]{subsection.2.1.3}{\376\377\0002\000.\0001\000.\0003\000\040\000O\000b\000s\000e\000r\000v\000a\000t\000i\000o\000n\000s}{section.2.1}% 13
\BOOKMARK [1][]{section.2.2}{\376\377\0002\000.\0002\000\040\000Q\000u\000a\000d\000r\000a\000t\000i\000c\000\040\000A\000s\000s\000i\000g\000n\000m\000e\000n\000t\000\040\000P\000r\000o\000b\000l\000e\000m}{chapter.2}% 14
\BOOKMARK [2][]{subsection.2.2.1}{\376\377\0002\000.\0002\000.\0001\000\040\000M\000a\000t\000h\000e\000m\000a\000t\000i\000c\000a\000l\000\040\000d\000e\000f\000i\000n\000i\000t\000i\000o\000n}{section.2.2}% 15
\BOOKMARK [2][]{subsection.2.2.2}{\376\377\0002\000.\0002\000.\0002\000\040\000K\000n\000o\000w\000n\000\040\000a\000l\000g\000o\000r\000i\000t\000h\000m\000s}{section.2.2}% 16
\BOOKMARK [3][]{section*.16}{\376\377\000E\000x\000a\000c\000t\000\040\000s\000o\000l\000u\000t\000i\000o\000n\000s}{subsection.2.2.2}% 17
\BOOKMARK [3][]{section*.17}{\376\377\000L\000i\000n\000e\000a\000r\000i\000z\000a\000t\000i\000o\000n\000s}{subsection.2.2.2}% 18
\BOOKMARK [3][]{section*.18}{\376\377\000M\000e\000t\000a\000h\000e\000u\000r\000i\000s\000t\000i\000c\000s}{subsection.2.2.2}% 19
\BOOKMARK [0][]{chapter.3}{\376\377\0003\000\040\000A\000l\000g\000o\000r\000i\000t\000h\000m}{}% 20
\BOOKMARK [1][]{section.3.1}{\376\377\0003\000.\0001\000\040\000N\000a\000i\000v\000e\000\040\000S\000p\000a\000c\000e\000\040\000S\000e\000a\000r\000c\000h\000\040\000u\000s\000i\000n\000g\000\040\000P\000h\000y\000s\000a\000r\000u\000m\000\040\000P\000o\000l\000y\000c\000e\000p\000h\000a\000l\000u\000m}{chapter.3}% 21
\BOOKMARK [1][]{section.3.2}{\376\377\0003\000.\0002\000\040\000P\000h\000y\000s\000a\000r\000u\000m\000-\000b\000a\000s\000e\000d\000\040\000M\000e\000t\000a\000h\000e\000u\000r\000i\000s\000t\000i\000c}{chapter.3}% 22
\BOOKMARK [2][]{subsection.3.2.1}{\376\377\0003\000.\0002\000.\0001\000\040\000A\000l\000g\000o\000r\000i\000t\000h\000m\000\040\000o\000v\000e\000r\000v\000i\000e\000w}{section.3.2}% 23
\BOOKMARK [2][]{subsection.3.2.2}{\376\377\0003\000.\0002\000.\0002\000\040\000E\000n\000v\000i\000r\000o\000n\000m\000e\000n\000t}{section.3.2}% 24
\BOOKMARK [2][]{subsection.3.2.3}{\376\377\0003\000.\0002\000.\0003\000\040\000V\000i\000r\000t\000u\000a\000l\000\040\000p\000l\000a\000s\000m\000o\000d\000i\000u\000m}{section.3.2}% 25
\BOOKMARK [3][]{section*.27}{\376\377\000E\000x\000p\000l\000o\000r\000a\000t\000i\000o\000n\000\040\000p\000h\000a\000s\000e}{subsection.3.2.3}% 26
\BOOKMARK [3][]{section*.29}{\376\377\000C\000r\000a\000w\000l\000i\000n\000g\000\040\000p\000h\000a\000s\000e}{subsection.3.2.3}% 27
\BOOKMARK [3][]{section*.31}{\376\377\000M\000e\000r\000g\000i\000n\000g\000\040\000p\000l\000a\000s\000m\000o\000d\000i\000a}{subsection.3.2.3}% 28
\BOOKMARK [2][]{subsection.3.2.4}{\376\377\0003\000.\0002\000.\0004\000\040\000A\000v\000a\000i\000l\000a\000b\000l\000e\000\040\000p\000a\000r\000a\000m\000e\000t\000e\000r\000s}{section.3.2}% 29
\BOOKMARK [3][]{section*.33}{\376\377\000C\000o\000l\000o\000n\000y\000\040\000s\000i\000z\000e}{subsection.3.2.4}% 30
\BOOKMARK [3][]{section*.34}{\376\377\000C\000o\000s\000t\000\040\000t\000o\000\040\000f\000o\000o\000d\000\040\000t\000r\000a\000n\000s\000f\000o\000r\000m\000a\000t\000i\000o\000n}{subsection.3.2.4}% 31
\BOOKMARK [3][]{section*.35}{\376\377\000E\000n\000e\000r\000g\000e\000t\000i\000c\000\040\000r\000e\000q\000u\000i\000r\000e\000m\000e\000n\000t\000s}{subsection.3.2.4}% 32
\BOOKMARK [0][]{chapter.4}{\376\377\0004\000\040\000P\000r\000o\000j\000e\000c\000t}{}% 33
\BOOKMARK [1][]{section.4.1}{\376\377\0004\000.\0001\000\040\000I\000m\000p\000l\000e\000m\000e\000n\000t\000a\000t\000i\000o\000n}{chapter.4}% 34
\BOOKMARK [2][]{subsection.4.1.1}{\376\377\0004\000.\0001\000.\0001\000\040\000B\000u\000i\000l\000d\000i\000n\000g\000\040\000i\000n\000s\000t\000r\000u\000c\000t\000i\000o\000n\000s}{section.4.1}% 35
\BOOKMARK [2][]{subsection.4.1.2}{\376\377\0004\000.\0001\000.\0002\000\040\000D\000a\000t\000a\000\040\000f\000o\000r\000m\000a\000t}{section.4.1}% 36
\BOOKMARK [2][]{subsection.4.1.3}{\376\377\0004\000.\0001\000.\0003\000\040\000C\000o\000n\000f\000i\000g\000u\000r\000a\000t\000i\000o\000n}{section.4.1}% 37
\BOOKMARK [2][]{subsection.4.1.4}{\376\377\0004\000.\0001\000.\0004\000\040\000E\000x\000t\000e\000r\000n\000a\000l\000\040\000l\000i\000b\000r\000a\000r\000i\000e\000s}{section.4.1}% 38
\BOOKMARK [1][]{section.4.2}{\376\377\0004\000.\0002\000\040\000P\000e\000r\000f\000o\000r\000m\000a\000n\000c\000e\000\040\000e\000v\000a\000l\000u\000a\000t\000i\000o\000n}{chapter.4}% 39
\BOOKMARK [2][]{subsection.4.2.1}{\376\377\0004\000.\0002\000.\0001\000\040\000D\000a\000t\000a\000s\000e\000t\000\040\000d\000e\000s\000c\000r\000i\000p\000t\000i\000o\000n}{section.4.2}% 40
\BOOKMARK [2][]{subsection.4.2.2}{\376\377\0004\000.\0002\000.\0002\000\040\000T\000e\000s\000t\000i\000n\000g\000\040\000m\000e\000t\000h\000o\000d\000o\000l\000o\000g\000y}{section.4.2}% 41
\BOOKMARK [2][]{subsection.4.2.3}{\376\377\0004\000.\0002\000.\0003\000\040\000C\000o\000l\000o\000n\000y\000\040\000i\000n\000i\000t\000i\000a\000l\000i\000z\000a\000t\000i\000o\000n\000\040\000p\000h\000a\000s\000e}{section.4.2}% 42
\BOOKMARK [2][]{subsection.4.2.4}{\376\377\0004\000.\0002\000.\0004\000\040\000E\000n\000e\000r\000g\000y\000\040\000v\000a\000l\000u\000e\000s}{section.4.2}% 43
\BOOKMARK [3][]{section*.50}{\376\377\000R\000a\000n\000d\000o\000m\000\040\000w\000a\000l\000k}{subsection.4.2.4}% 44
\BOOKMARK [3][]{section*.52}{\376\377\000P\000l\000a\000s\000m\000o\000d\000i\000a\000l\000\040\000d\000e\000a\000t\000h}{subsection.4.2.4}% 45
\BOOKMARK [2][]{subsection.4.2.5}{\376\377\0004\000.\0002\000.\0005\000\040\000C\000o\000s\000t\000\040\000t\000o\000\040\000f\000o\000o\000d\000\040\000t\000r\000a\000n\000s\000f\000o\000r\000m\000a\000t\000i\000o\000n}{section.4.2}% 46
\BOOKMARK [2][]{subsection.4.2.6}{\376\377\0004\000.\0002\000.\0006\000\040\000O\000p\000t\000i\000m\000i\000z\000a\000t\000i\000o\000n\000\040\000r\000e\000s\000u\000l\000t\000s}{section.4.2}% 47
\BOOKMARK [3][]{section*.57}{\376\377\000I\000m\000p\000r\000o\000v\000e\000d\000\040\000a\000l\000g\000o\000r\000i\000t\000h\000m}{subsection.4.2.6}% 48
\BOOKMARK [3][]{section*.59}{\376\377\000Q\000A\000P\000L\000I\000B\000\040\000r\000e\000s\000u\000l\000t\000s}{subsection.4.2.6}% 49
\BOOKMARK [3][]{section*.60}{\376\377\000O\000p\000t\000i\000m\000i\000s\000i\000n\000g\000\040\000l\000a\000r\000g\000e\000\040\000i\000n\000s\000t\000a\000n\000c\000e\000s}{subsection.4.2.6}% 50
\BOOKMARK [2][]{subsection.4.2.7}{\376\377\0004\000.\0002\000.\0007\000\040\000F\000i\000n\000a\000l\000\040\000r\000e\000s\000u\000l\000t\000s}{section.4.2}% 51
\BOOKMARK [0][]{chapter.5}{\376\377\0005\000\040\000C\000o\000n\000c\000l\000u\000s\000i\000o\000n}{}% 52
\BOOKMARK [0][]{appendix.A}{\376\377\000A\000\040\000P\000h\000y\000s\000a\000r\000u\000m\000\040\000M\000a\000i\000n\000t\000e\000n\000a\000n\000c\000e\000\040\000P\000r\000o\000t\000o\000c\000o\000l}{}% 53
\BOOKMARK [0][]{appendix.B}{\376\377\000B\000\040\000B\000e\000n\000c\000h\000m\000a\000r\000k\000\040\000R\000e\000s\000u\000l\000t\000s}{}% 54
\BOOKMARK [0][]{appendix.C}{\376\377\000C\000\040\000T\000S\000P\000\040\000R\000e\000s\000u\000l\000t\000s}{}% 55
\BOOKMARK [0][]{section*.62}{\376\377\000B\000i\000b\000l\000i\000o\000g\000r\000a\000p\000h\000y}{}% 56
